TMessagesProj/build/outputs/apk/manifest-merger-debug-report.txt
-- Merging decision tree log ---
manifest
ADDED from AndroidManifest.xml:2:1
	xmlns:android
		ADDED from AndroidManifest.xml:2:11
	package
		ADDED from AndroidManifest.xml:3:5
	android:versionName
		INJECTED from AndroidManifest.xml:0:0
		ADDED from AndroidManifest.xml:2:1
		INJECTED from AndroidManifest.xml:0:0
	android:versionCode
		INJECTED from AndroidManifest.xml:0:0
		ADDED from AndroidManifest.xml:2:1
		INJECTED from AndroidManifest.xml:0:0
	android:installLocation
		ADDED from AndroidManifest.xml:4:5
supports-screens
ADDED from AndroidManifest.xml:6:5
	android:resizeable
		ADDED from AndroidManifest.xml:9:23
	android:largeScreens
		ADDED from AndroidManifest.xml:7:23
	android:anyDensity
		ADDED from AndroidManifest.xml:6:23
	android:normalScreens
		ADDED from AndroidManifest.xml:8:23
	android:xlargeScreens
		ADDED from AndroidManifest.xml:11:23
	android:smallScreens
		ADDED from AndroidManifest.xml:10:23
uses-feature#0x00020000
ADDED from AndroidManifest.xml:13:5
	android:required
		ADDED from AndroidManifest.xml:13:52
	android:glEsVersion
		ADDED from AndroidManifest.xml:13:19
uses-feature#android.hardware.telephony
ADDED from AndroidManifest.xml:14:5
	android:required
		ADDED from AndroidManifest.xml:14:61
	android:name
		ADDED from AndroidManifest.xml:14:19
uses-feature#android.hardware.camera.autofocus
ADDED from AndroidManifest.xml:15:5
	android:required
		ADDED from AndroidManifest.xml:15:68
	android:name
		ADDED from AndroidManifest.xml:15:19
uses-feature#android.hardware.camera
ADDED from AndroidManifest.xml:16:5
	android:required
		ADDED from AndroidManifest.xml:16:58
	android:name
		ADDED from AndroidManifest.xml:16:19
uses-feature#android.hardware.wifi
ADDED from AndroidManifest.xml:17:5
	android:required
		ADDED from AndroidManifest.xml:17:56
	android:name
		ADDED from AndroidManifest.xml:17:19
uses-feature#android.hardware.screen.PORTRAIT
ADDED from AndroidManifest.xml:18:5
	android:required
		ADDED from AndroidManifest.xml:18:67
	android:name
		ADDED from AndroidManifest.xml:18:19
uses-feature#android.hardware.microphone
ADDED from AndroidManifest.xml:19:5
	android:required
		ADDED from AndroidManifest.xml:19:62
	android:name
		ADDED from AndroidManifest.xml:19:19
uses-permission#android.permission.INTERNET
ADDED from AndroidManifest.xml:21:5
	android:name
		ADDED from AndroidManifest.xml:21:22
uses-permission#android.permission.RECORD_AUDIO
ADDED from AndroidManifest.xml:22:5
	android:name
		ADDED from AndroidManifest.xml:22:22
uses-permission#android.permission.ACCESS_NETWORK_STATE
ADDED from AndroidManifest.xml:23:5
	android:name
		ADDED from AndroidManifest.xml:23:22
uses-permission#android.permission.ACCESS_WIFI_STATE
ADDED from AndroidManifest.xml:24:5
	android:name
		ADDED from AndroidManifest.xml:24:22
uses-permission#android.permission.RECEIVE_SMS
ADDED from AndroidManifest.xml:25:5
	android:name
		ADDED from AndroidManifest.xml:25:22
uses-permission#android.permission.WAKE_LOCK
ADDED from AndroidManifest.xml:26:5
	android:name
		ADDED from AndroidManifest.xml:26:22
uses-permission#android.permission.WRITE_EXTERNAL_STORAGE
ADDED from AndroidManifest.xml:27:5
	android:name
		ADDED from AndroidManifest.xml:27:22
uses-permission#android.permission.READ_EXTERNAL_STORAGE
ADDED from AndroidManifest.xml:28:5
	android:name
		ADDED from AndroidManifest.xml:28:22
uses-permission#android.permission.CAMERA
ADDED from AndroidManifest.xml:29:5
	android:name
		ADDED from AndroidManifest.xml:29:22
uses-permission#android.permission.GET_ACCOUNTS
ADDED from AndroidManifest.xml:30:5
	android:name
		ADDED from AndroidManifest.xml:30:22
uses-permission#android.permission.READ_CONTACTS
ADDED from AndroidManifest.xml:31:5
	android:name
		ADDED from AndroidManifest.xml:31:22
uses-permission#android.permission.WRITE_CONTACTS
ADDED from AndroidManifest.xml:32:5
	android:name
		ADDED from AndroidManifest.xml:32:22
uses-permission#android.permission.MANAGE_ACCOUNTS
ADDED from AndroidManifest.xml:33:5
	android:name
		ADDED from AndroidManifest.xml:33:22
uses-permission#android.permission.READ_PROFILE
ADDED from AndroidManifest.xml:34:5
	android:name
		ADDED from AndroidManifest.xml:34:22
uses-permission#android.permission.WRITE_SYNC_SETTINGS
ADDED from AndroidManifest.xml:35:5
	android:name
		ADDED from AndroidManifest.xml:35:22
uses-permission#android.permission.READ_SYNC_SETTINGS
ADDED from AndroidManifest.xml:36:5
	android:name
		ADDED from AndroidManifest.xml:36:22
uses-permission#android.permission.AUTHENTICATE_ACCOUNTS
ADDED from AndroidManifest.xml:37:5
	android:name
		ADDED from AndroidManifest.xml:37:22
uses-permission#android.permission.VIBRATE
ADDED from AndroidManifest.xml:38:5
	android:name
		ADDED from AndroidManifest.xml:38:22
uses-permission#android.permission.SYSTEM_ALERT_WINDOW
ADDED from AndroidManifest.xml:39:5
	android:name
		ADDED from AndroidManifest.xml:39:22
uses-permission#android.permission.READ_PHONE_STATE
ADDED from AndroidManifest.xml:40:5
	android:name
		ADDED from AndroidManifest.xml:40:22
uses-permission#android.permission.RECEIVE_BOOT_COMPLETED
ADDED from AndroidManifest.xml:41:5
	android:name
		ADDED from AndroidManifest.xml:41:22
application
ADDED from AndroidManifest.xml:43:5
MERGED from AndroidManifest.xml:43:5
MERGED from com.android.support:support-v4:21.0.3:16:5
MERGED from com.android.support:support-v4:21.0.3:16:5
	android:label
		ADDED from AndroidManifest.xml:48:9
	android:allowBackup
		ADDED from AndroidManifest.xml:45:9
	android:icon
		ADDED from AndroidManifest.xml:47:9
	android:theme
		ADDED from AndroidManifest.xml:50:9
	android:hardwareAccelerated
		ADDED from AndroidManifest.xml:46:9
	android:largeHeap
		ADDED from AndroidManifest.xml:49:9
	android:name
		ADDED from AndroidManifest.xml:44:9
activity#org.telegram.ui.LaunchActivity
ADDED from AndroidManifest.xml:52:9
	android:windowSoftInputMode
		ADDED from AndroidManifest.xml:57:13
	android:configChanges
		ADDED from AndroidManifest.xml:54:13
	android:hardwareAccelerated
		ADDED from AndroidManifest.xml:55:13
	android:name
		ADDED from AndroidManifest.xml:53:13
	android:launchMode
		ADDED from AndroidManifest.xml:56:13
intent-filter#android.intent.action.MAIN+android.intent.category.LAUNCHER+android.intent.category.MULTIWINDOW_LAUNCHER
ADDED from AndroidManifest.xml:58:13
action#android.intent.action.MAIN
ADDED from AndroidManifest.xml:59:17
	android:name
		ADDED from AndroidManifest.xml:59:25
category#android.intent.category.LAUNCHER
ADDED from AndroidManifest.xml:60:17
	android:name
		ADDED from AndroidManifest.xml:60:27
category#android.intent.category.MULTIWINDOW_LAUNCHER
ADDED from AndroidManifest.xml:61:17
	android:name
		ADDED from AndroidManifest.xml:61:27
intent-filter#android.intent.action.SEND+android.intent.category.DEFAULT
ADDED from AndroidManifest.xml:63:13
action#android.intent.action.SEND
ADDED from AndroidManifest.xml:64:17
	android:name
		ADDED from AndroidManifest.xml:64:25
category#android.intent.category.DEFAULT
ADDED from AndroidManifest.xml:65:17
	android:name
		ADDED from AndroidManifest.xml:65:27
data
ADDED from AndroidManifest.xml:66:17
	android:mimeType
		ADDED from AndroidManifest.xml:66:23
intent-filter#android.intent.action.SEND_MULTIPLE+android.intent.category.DEFAULT
ADDED from AndroidManifest.xml:73:13
action#android.intent.action.SEND_MULTIPLE
ADDED from AndroidManifest.xml:74:17
	android:name
		ADDED from AndroidManifest.xml:74:25
intent-filter#android.intent.action.VIEW+android.intent.category.DEFAULT
ADDED from AndroidManifest.xml:93:13
action#android.intent.action.VIEW
ADDED from AndroidManifest.xml:94:17
	android:name
		ADDED from AndroidManifest.xml:94:25
intent-filter#android.intent.action.VIEW+android.intent.category.BROWSABLE+android.intent.category.DEFAULT
ADDED from AndroidManifest.xml:98:13
category#android.intent.category.BROWSABLE
ADDED from AndroidManifest.xml:101:17
	android:name
		ADDED from AndroidManifest.xml:101:27
activity#org.telegram.ui.IntroActivity
ADDED from AndroidManifest.xml:112:9
	android:configChanges
		ADDED from AndroidManifest.xml:114:13
	android:name
		ADDED from AndroidManifest.xml:113:13
activity#org.telegram.ui.PopupNotificationActivity
ADDED from AndroidManifest.xml:116:9
	android:windowSoftInputMode
		ADDED from AndroidManifest.xml:123:13
	android:configChanges
		ADDED from AndroidManifest.xml:118:13
	android:theme
		ADDED from AndroidManifest.xml:122:13
	android:excludeFromRecents
		ADDED from AndroidManifest.xml:119:13
	android:taskAffinity
		ADDED from AndroidManifest.xml:121:13
	android:name
		ADDED from AndroidManifest.xml:117:13
	android:launchMode
		ADDED from AndroidManifest.xml:120:13
receiver#org.telegram.android.SmsListener
ADDED from AndroidManifest.xml:126:9
	android:name
		ADDED from AndroidManifest.xml:126:19
intent-filter#android.provider.Telephony.SMS_RECEIVED
ADDED from AndroidManifest.xml:127:13
action#android.provider.Telephony.SMS_RECEIVED
ADDED from AndroidManifest.xml:128:17
	android:name
		ADDED from AndroidManifest.xml:128:25
service#org.telegram.android.AuthenticatorService
ADDED from AndroidManifest.xml:132:9
	android:exported
		ADDED from AndroidManifest.xml:132:75
	android:name
		ADDED from AndroidManifest.xml:132:18
intent-filter#android.accounts.AccountAuthenticator
ADDED from AndroidManifest.xml:133:13
action#android.accounts.AccountAuthenticator
ADDED from AndroidManifest.xml:134:17
	android:name
		ADDED from AndroidManifest.xml:134:25
meta-data#android.accounts.AccountAuthenticator
ADDED from AndroidManifest.xml:136:13
	android:resource
		ADDED from AndroidManifest.xml:137:17
	android:name
		ADDED from AndroidManifest.xml:136:24
service#org.telegram.android.ContactsSyncAdapterService
ADDED from AndroidManifest.xml:140:9
	android:exported
		ADDED from AndroidManifest.xml:140:81
	android:name
		ADDED from AndroidManifest.xml:140:18
intent-filter#android.content.SyncAdapter
ADDED from AndroidManifest.xml:141:13
action#android.content.SyncAdapter
ADDED from AndroidManifest.xml:142:17
	android:name
		ADDED from AndroidManifest.xml:142:25
meta-data#android.content.SyncAdapter
ADDED from AndroidManifest.xml:144:13
	android:resource
		ADDED from AndroidManifest.xml:145:17
	android:name
		ADDED from AndroidManifest.xml:144:24
meta-data#android.provider.CONTACTS_STRUCTURE
ADDED from AndroidManifest.xml:146:13
	android:resource
		ADDED from AndroidManifest.xml:147:17
	android:name
		ADDED from AndroidManifest.xml:146:24
service#org.telegram.android.NotificationsService
ADDED from AndroidManifest.xml:150:9
	android:enabled
		ADDED from AndroidManifest.xml:150:75
	android:name
		ADDED from AndroidManifest.xml:150:18
service#org.telegram.android.NotificationRepeat
ADDED from AndroidManifest.xml:151:9
	android:exported
		ADDED from AndroidManifest.xml:151:73
	android:name
		ADDED from AndroidManifest.xml:151:18
service#org.telegram.android.VideoEncodingService
ADDED from AndroidManifest.xml:152:9
	android:enabled
		ADDED from AndroidManifest.xml:152:75
	android:name
		ADDED from AndroidManifest.xml:152:18
receiver#org.telegram.android.AppStartReceiver
ADDED from AndroidManifest.xml:154:9
	android:enabled
		ADDED from AndroidManifest.xml:154:72
	android:name
		ADDED from AndroidManifest.xml:154:19
intent-filter#android.intent.action.BOOT_COMPLETED+org.telegram.start
ADDED from AndroidManifest.xml:155:13
action#org.telegram.start
ADDED from AndroidManifest.xml:156:17
	android:name
		ADDED from AndroidManifest.xml:156:25
action#android.intent.action.BOOT_COMPLETED
ADDED from AndroidManifest.xml:157:17
	android:name
		ADDED from AndroidManifest.xml:157:25
receiver#org.telegram.android.WearReplyReceiver
ADDED from AndroidManifest.xml:161:9
	android:enabled
		ADDED from AndroidManifest.xml:161:73
	android:name
		ADDED from AndroidManifest.xml:161:19
uses-library#com.sec.android.app.multiwindow
ADDED from AndroidManifest.xml:163:9
	android:required
		ADDED from AndroidManifest.xml:163:70
	android:name
		ADDED from AndroidManifest.xml:163:23
meta-data#com.sec.android.support.multiwindow
ADDED from AndroidManifest.xml:164:9
	android:name
		ADDED from AndroidManifest.xml:164:20
	android:value
		ADDED from AndroidManifest.xml:164:71
meta-data#com.sec.android.multiwindow.DEFAULT_SIZE_W
ADDED from AndroidManifest.xml:165:9
	android:name
		ADDED from AndroidManifest.xml:165:20
	android:value
		ADDED from AndroidManifest.xml:165:78
meta-data#com.sec.android.multiwindow.DEFAULT_SIZE_H
ADDED from AndroidManifest.xml:166:9
	android:name
		ADDED from AndroidManifest.xml:166:20
	android:value
		ADDED from AndroidManifest.xml:166:78
meta-data#com.sec.android.multiwindow.MINIMUM_SIZE_W
ADDED from AndroidManifest.xml:167:9
	android:name
		ADDED from AndroidManifest.xml:167:20
	android:value
		ADDED from AndroidManifest.xml:167:78
meta-data#com.sec.android.multiwindow.MINIMUM_SIZE_H
ADDED from AndroidManifest.xml:168:9
	android:name
		ADDED from AndroidManifest.xml:168:20
	android:value
		ADDED from AndroidManifest.xml:168:78
uses-sdk
INJECTED from AndroidManifest.xml:0:0 reason: use-sdk injection requested
MERGED from com.android.support:support-v4:21.0.3:15:5
MERGED from com.google.android.gms:play-services:3.2.65:7:5
MERGED from com.android.support:support-v4:21.0.3:15:5
	android:targetSdkVersion
		INJECTED from AndroidManifest.xml:0:0
		INJECTED from AndroidManifest.xml:0:0
	android:minSdkVersion
		INJECTED from AndroidManifest.xml:0:0
		INJECTED from AndroidManifest.xml:0:0